2020/11/26 22:43:30 [info] 19639: 监听80端口成功!
2020/11/26 22:43:30 [info] 19639: 监听443端口成功!
2020/11/26 22:43:30 [notice] 19640: master process ./nginx 19640 启动并开始运行......!
2020/11/26 22:43:30 [notice] 19644: worker process 19644 启动并开始运行......!
2020/11/26 22:43:30 [notice] 19643: worker process 19643 启动并开始运行......!
2020/11/26 22:43:30 [notice] 19642: worker process 19642 启动并开始运行......!
2020/11/26 22:43:30 [notice] 19641: worker process 19641 启动并开始运行......!
2020/11/26 22:43:52 [stderr] 19641: nginx: 非常好，收到了一个完整的数据包【包头+包体】！
2020/11/26 22:43:54 [stderr] 19641: nginx: 非常好，收到了一个完整的数据包【包头+包体】！
2020/11/26 22:43:55 [stderr] 19641: nginx: 非常好，收到了一个完整的数据包【包头+包体】！
2020/11/26 22:43:56 [stderr] 19641: nginx: 非常好，收到了一个完整的数据包【包头+包体】！
2020/11/26 22:43:56 [stderr] 19641: nginx: 非常好，收到了一个完整的数据包【包头+包体】！
2020/11/26 22:43:57 [stderr] 19641: nginx: 非常好，收到了一个完整的数据包【包头+包体】！
2020/11/26 22:43:58 [stderr] 19641: nginx: 非常好，收到了一个完整的数据包【包头+包体】！
2020/11/26 22:43:58 [stderr] 19641: nginx: 非常好，收到了一个完整的数据包【包头+包体】！
2020/11/26 22:43:59 [stderr] 19641: nginx: 非常好，收到了一个完整的数据包【包头+包体】！
2020/11/26 22:44:18 [notice] 19640: signal 17 (SIGCHLD) received from 19644
2020/11/26 22:44:18 [alert] 19640: pid = 19644 exited on signal 9!
2020/11/26 22:44:19 [notice] 19640: signal 17 (SIGCHLD) received from 19643
2020/11/26 22:44:19 [alert] 19640: pid = 19643 exited on signal 9!
2020/11/26 22:44:20 [notice] 19640: signal 17 (SIGCHLD) received from 19642
2020/11/26 22:44:20 [alert] 19640: pid = 19642 exited on signal 9!
2020/11/26 22:44:21 [notice] 19640: signal 17 (SIGCHLD) received from 19641
2020/11/26 22:44:21 [alert] 19640: pid = 19641 exited on signal 9!
